C:\USERS\OMER\DOCUMENTS\VISUAL STUDIO 2012\PROJECTS\BINARY SEARCH TREE\BINARY SEARCH TREE\DEBUG\BST.OBJ
C:\USERS\OMER\DOCUMENTS\VISUAL STUDIO 2012\PROJECTS\BINARY SEARCH TREE\BINARY SEARCH TREE\DEBUG\MAIN.OBJ
C:\USERS\OMER\DOCUMENTS\VISUAL STUDIO 2012\PROJECTS\BINARY SEARCH TREE\BINARY SEARCH TREE\DEBUG\VC110.PDB
C:\USERS\OMER\DOCUMENTS\VISUAL STUDIO 2012\PROJECTS\BINARY SEARCH TREE\DEBUG\BINARY SEARCH TREE.ILK
C:\USERS\OMER\DOCUMENTS\VISUAL STUDIO 2012\PROJECTS\BINARY SEARCH TREE\DEBUG\BINARY SEARCH TREE.EXE
C:\USERS\OMER\DOCUMENTS\VISUAL STUDIO 2012\PROJECTS\BINARY SEARCH TREE\DEBUG\BINARY SEARCH TREE.PDB
C:\Users\Omer\documents\visual studio 2012\Projects\Binary Search Tree\Binary Search Tree\Debug\BST.obj
C:\Users\Omer\documents\visual studio 2012\Projects\Binary Search Tree\Binary Search Tree\Debug\main.obj
C:\Users\Omer\documents\visual studio 2012\Projects\Binary Search Tree\Binary Search Tree\Debug\cl.command.1.tlog
C:\Users\Omer\documents\visual studio 2012\Projects\Binary Search Tree\Binary Search Tree\Debug\CL.read.1.tlog
C:\Users\Omer\documents\visual studio 2012\Projects\Binary Search Tree\Binary Search Tree\Debug\CL.write.1.tlog
C:\Users\Omer\documents\visual studio 2012\Projects\Binary Search Tree\Binary Search Tree\Debug\link-cvtres.read.1.tlog
C:\Users\Omer\documents\visual studio 2012\Projects\Binary Search Tree\Binary Search Tree\Debug\link-cvtres.write.1.tlog
C:\Users\Omer\documents\visual studio 2012\Projects\Binary Search Tree\Binary Search Tree\Debug\link-rc.read.1.tlog
C:\Users\Omer\documents\visual studio 2012\Projects\Binary Search Tree\Binary Search Tree\Debug\link-rc.write.1.tlog
C:\Users\Omer\documents\visual studio 2012\Projects\Binary Search Tree\Binary Search Tree\Debug\link.15484-cvtres.read.1.tlog
C:\Users\Omer\documents\visual studio 2012\Projects\Binary Search Tree\Binary Search Tree\Debug\link.15484-cvtres.write.1.tlog
C:\Users\Omer\documents\visual studio 2012\Projects\Binary Search Tree\Binary Search Tree\Debug\link.15484-rc.read.1.tlog
C:\Users\Omer\documents\visual studio 2012\Projects\Binary Search Tree\Binary Search Tree\Debug\link.15484-rc.write.1.tlog
C:\Users\Omer\documents\visual studio 2012\Projects\Binary Search Tree\Binary Search Tree\Debug\link.15484.read.1.tlog
C:\Users\Omer\documents\visual studio 2012\Projects\Binary Search Tree\Binary Search Tree\Debug\link.15484.write.1.tlog
C:\Users\Omer\documents\visual studio 2012\Projects\Binary Search Tree\Binary Search Tree\Debug\link.command.1.tlog
C:\Users\Omer\documents\visual studio 2012\Projects\Binary Search Tree\Binary Search Tree\Debug\link.read.1.tlog
C:\Users\Omer\documents\visual studio 2012\Projects\Binary Search Tree\Binary Search Tree\Debug\link.write.1.tlog
C:\Users\Omer\documents\visual studio 2012\Projects\Binary Search Tree\Binary Search Tree\Debug\vc110.idb
C:\Users\Omer\documents\visual studio 2012\Projects\Binary Search Tree\Binary Search Tree\Debug\vc110.pdb
C:\Users\Omer\documents\visual studio 2012\Projects\Binary Search Tree\Debug\Binary Search Tree.pdb
C:\Users\Omer\documents\visual studio 2012\Projects\Binary Search Tree\Debug\Binary Search Tree.exe
C:\Users\Omer\documents\visual studio 2012\Projects\Binary Search Tree\Debug\Binary Search Tree.ilk
